Running SLURM prolog script on pink57.cluster.local
===============================================================================
Job started on Sat Apr 20 21:20:56 BST 2019
Job ID          : 390463
Job name        : run_train.sh
WorkDir         : /mainfs/lyceum/rt1g16/Speech-Recognition/Conv_LSTM_CTC
Command         : /mainfs/lyceum/rt1g16/Speech-Recognition/Conv_LSTM_CTC/run_train.sh
Partition       : lyceum
Num hosts       : 1
Num cores       : 2
Num of tasks    : 1
Hosts allocated : pink57
Job Output Follows ...
===============================================================================
/tmp/slurmd/job390463/slurm_script: line 15: cd: /lyceum/chk1g16/Speech-Recognition/Conv_LSTM_CTC: Permission denied
2019-04-20 21:21:56.926312: I tensorflow/core/platform/cpu_feature_guard.cc:141] Your CPU supports instructions that this TensorFlow binary was not compiled to use: SSE4.1 SSE4.2 AVX AVX2 FMA
2019-04-20 21:21:57.461743: I tensorflow/core/common_runtime/gpu/gpu_device.cc:1432] Found device 0 with properties: 
name: GeForce GTX 1080 Ti major: 6 minor: 1 memoryClockRate(GHz): 1.582
pciBusID: 0000:03:00.0
totalMemory: 10.92GiB freeMemory: 10.76GiB
2019-04-20 21:21:57.461816: I tensorflow/core/common_runtime/gpu/gpu_device.cc:1511] Adding visible gpu devices: 0
2019-04-20 21:22:00.530676: I tensorflow/core/common_runtime/gpu/gpu_device.cc:982] Device interconnect StreamExecutor with strength 1 edge matrix:
2019-04-20 21:22:00.530738: I tensorflow/core/common_runtime/gpu/gpu_device.cc:988]      0 
2019-04-20 21:22:00.530750: I tensorflow/core/common_runtime/gpu/gpu_device.cc:1001] 0:   N 
2019-04-20 21:22:00.531051: I tensorflow/core/common_runtime/gpu/gpu_device.cc:1115] Created TensorFlow device (/job:localhost/replica:0/task:0/device:GPU:0 with 10409 MB memory) -> physical GPU (device: 0, name: GeForce GTX 1080 Ti, pci bus id: 0000:03:00.0, compute capability: 6.1)
WARNING:tensorflow:From /lyceum/rt1g16/.conda/envs/py3venv/lib/python3.6/site-packages/tensorflow/python/ops/sparse_ops.py:1165: sparse_to_dense (from tensorflow.python.ops.sparse_ops) is deprecated and will be removed in a future version.
Instructions for updating:
Create a `tf.sparse.SparseTensor` and use `tf.sparse.to_dense` instead.
2019-04-20 21:22:24.783589: W tensorflow/core/common_runtime/bfc_allocator.cc:211] Allocator (GPU_0_bfc) ran out of memory trying to allocate 2.32GiB. The caller indicates that this is not a failure, but may mean that there could be performance gains if more memory were available.
2019-04-20 21:22:24.944484: W tensorflow/core/common_runtime/bfc_allocator.cc:211] Allocator (GPU_0_bfc) ran out of memory trying to allocate 2.54GiB. The caller indicates that this is not a failure, but may mean that there could be performance gains if more memory were available.
2019-04-20 21:22:25.171907: W tensorflow/core/common_runtime/bfc_allocator.cc:211] Allocator (GPU_0_bfc) ran out of memory trying to allocate 3.02GiB. The caller indicates that this is not a failure, but may mean that there could be performance gains if more memory were available.
2019-04-20 21:22:25.220408: W tensorflow/core/common_runtime/bfc_allocator.cc:211] Allocator (GPU_0_bfc) ran out of memory trying to allocate 2.21GiB. The caller indicates that this is not a failure, but may mean that there could be performance gains if more memory were available.
